<?xml version="1.0" encoding="UTF-8"?>
<!-- Generated by org.testng.reporters.JUnitReportReporter -->
<testsuite hostname="LAPTOP-OE1TQ2HD" failures="0" tests="2" name="testLayer.LoginTest" time="19.879" errors="0" timestamp="2023-03-17T16:32:40 EDT" skipped="0">
  <testcase classname="testLayer.LoginTest" name="Title" time="12.609"/>
  <system-out/>
  <testcase classname="testLayer.LoginTest" name="Login" time="7.270"/>
  <system-out/>
</testsuite> <!-- testLayer.LoginTest -->
